<?xml version="1.0" encoding="UTF-8"?>
<!-- Generated by org.testng.reporters.JUnitXMLReporter -->
<testsuite ignored="3" hostname="Aswathy" failures="0" tests="3" name="Functional Test" time="29.272" errors="0" timestamp="2023-09-13T19:51:29 IST">
  <testcase classname="org.obs.testngbasics.com.LoginPageTest" name="verifyInvalidUserLogin" time="1.639"/>
  <testcase classname="org.obs.testngbasics.com.LoginPageTest" name="verifyInvalidUserLogin" time="1.809"/>
  <testcase classname="org.obs.testngbasics.com.LoginPageTest" name="verifyInvalidUserLogin" time="1.542"/>
  <testcase classname="org.obs.testngbasics.com.LoginPageTest" name="verifyOrangeHRMInvalidUserLogin" time="0.0">
    <ignored/>
  </testcase> <!-- verifyOrangeHRMInvalidUserLogin -->
  <testcase classname="org.obs.testngbasics.com.LoginPageTest" name="loginPageTitle" time="0.0">
    <ignored/>
  </testcase> <!-- loginPageTitle -->
  <testcase classname="org.obs.testngbasics.com.LoginPageTest" name="verifyUserLogin" time="0.0">
    <ignored/>
  </testcase> <!-- verifyUserLogin -->
</testsuite> <!-- Functional Test -->
