<?xml version="1.0" encoding="UTF-8"?>
<!-- Generated by org.testng.reporters.JUnitXMLReporter -->
<testsuite ignored="3" hostname="Aswathy" failures="0" tests="3" name="Non-Functional Test" time="26.379" errors="0" timestamp="2023-09-08T21:09:05 IST">
  <testcase classname="org.obs.testngbasics.com.HomePageTest" name="verifyHomePageTitle" time="0.061"/>
  <testcase classname="org.obs.testngbasics.com.LoginPageTest" name="verifyUserLogin" time="2.103"/>
  <testcase classname="org.obs.testngbasics.com.RegisterPageTest" name="verifyRegisterPage" time="3.094"/>
  <testcase classname="org.obs.testngbasics.com.RegisterPageTest" name="registerPageTitle" time="0.0">
    <ignored/>
  </testcase> <!-- registerPageTitle -->
  <testcase classname="org.obs.testngbasics.com.HomePageTest" name="verifySubscribeMessage" time="0.0">
    <ignored/>
  </testcase> <!-- verifySubscribeMessage -->
  <testcase classname="org.obs.testngbasics.com.LoginPageTest" name="loginPageTitle" time="0.0">
    <ignored/>
  </testcase> <!-- loginPageTitle -->
</testsuite> <!-- Non-Functional Test -->
