<?xml version="1.0" encoding="UTF-8"?>
<testng-results ignored="0" total="3" passed="3" failed="0" skipped="0">
  <reporter-output>
  </reporter-output>
  <suite started-at="2023-09-13T19:51:00 IST" name="Regression Suit" finished-at="2023-09-13T19:51:29 IST" duration-ms="29272">
    <groups>
    </groups>
    <test started-at="2023-09-13T19:51:00 IST" name="Functional Test" finished-at="2023-09-13T19:51:29 IST" duration-ms="29272">
      <class name="org.obs.testngbasics.com.LoginPageTest">
        <test-method is-config="true" signature="connectDb()[pri:0, instance:org.obs.testngbasics.com.LoginPageTest@24fcf36f]" started-at="2023-09-13T19:51:00 IST" name="connectDb" finished-at="2023-09-13T19:51:00 IST" duration-ms="94" status="PASS">
          <reporter-output>
          </reporter-output>
        </test-method> <!-- connectDb -->
        <test-method is-config="true" signature="runLoginAPI()[pri:0, instance:org.obs.testngbasics.com.LoginPageTest@24fcf36f]" started-at="2023-09-13T19:51:00 IST" name="runLoginAPI" finished-at="2023-09-13T19:51:00 IST" duration-ms="1" status="PASS">
          <reporter-output>
          </reporter-output>
        </test-method> <!-- runLoginAPI -->
        <test-method is-config="true" signature="createTestTable()[pri:0, instance:org.obs.testngbasics.com.LoginPageTest@24fcf36f]" started-at="2023-09-13T19:51:00 IST" name="createTestTable" finished-at="2023-09-13T19:51:00 IST" duration-ms="5" status="PASS">
          <reporter-output>
          </reporter-output>
        </test-method> <!-- createTestTable -->
        <test-method is-config="true" signature="setUp(java.lang.String,java.lang.String)[pri:0, instance:org.obs.testngbasics.com.LoginPageTest@24fcf36f]" started-at="2023-09-13T19:51:03 IST" name="setUp" finished-at="2023-09-13T19:51:12 IST" duration-ms="8782" status="PASS">
          <params>
            <param index="0">
              <value>
                <![CDATA[Chrome]]>
              </value>
            </param>
            <param index="1">
              <value>
                <![CDATA[https://demowebshop.tricentis.com/]]>
              </value>
            </param>
          </params>
          <reporter-output>
          </reporter-output>
        </test-method> <!-- setUp -->
        <test-method signature="verifyInvalidUserLogin(java.lang.String,java.lang.String)[pri:0, instance:org.obs.testngbasics.com.LoginPageTest@24fcf36f]" started-at="2023-09-13T19:51:12 IST" name="verifyInvalidUserLogin" data-provider="userCredentialsfromExcel" finished-at="2023-09-13T19:51:14 IST" duration-ms="1639" status="PASS">
          <params>
            <param index="0">
              <value>
                <![CDATA[aswathyarabind@gmail.com]]>
              </value>
            </param>
            <param index="1">
              <value>
                <![CDATA[addsd]]>
              </value>
            </param>
          </params>
          <reporter-output>
          </reporter-output>
        </test-method> <!-- verifyInvalidUserLogin -->
        <test-method is-config="true" signature="tearDown()[pri:0, instance:org.obs.testngbasics.com.LoginPageTest@24fcf36f]" started-at="2023-09-13T19:51:14 IST" name="tearDown" finished-at="2023-09-13T19:51:14 IST" duration-ms="163" status="PASS">
          <reporter-output>
          </reporter-output>
        </test-method> <!-- tearDown -->
        <test-method is-config="true" signature="setUp(java.lang.String,java.lang.String)[pri:0, instance:org.obs.testngbasics.com.LoginPageTest@24fcf36f]" started-at="2023-09-13T19:51:14 IST" name="setUp" finished-at="2023-09-13T19:51:20 IST" duration-ms="5718" status="PASS">
          <params>
            <param index="0">
              <value>
                <![CDATA[Chrome]]>
              </value>
            </param>
            <param index="1">
              <value>
                <![CDATA[https://demowebshop.tricentis.com/]]>
              </value>
            </param>
          </params>
          <reporter-output>
          </reporter-output>
        </test-method> <!-- setUp -->
        <test-method signature="verifyInvalidUserLogin(java.lang.String,java.lang.String)[pri:0, instance:org.obs.testngbasics.com.LoginPageTest@24fcf36f]" started-at="2023-09-13T19:51:20 IST" name="verifyInvalidUserLogin" data-provider="userCredentialsfromExcel" finished-at="2023-09-13T19:51:21 IST" duration-ms="1809" status="PASS">
          <params>
            <param index="0">
              <value>
                <![CDATA[aswathy@gmail.com]]>
              </value>
            </param>
            <param index="1">
              <value>
                <![CDATA[marryGold257%]]>
              </value>
            </param>
          </params>
          <reporter-output>
          </reporter-output>
        </test-method> <!-- verifyInvalidUserLogin -->
        <test-method is-config="true" signature="tearDown()[pri:0, instance:org.obs.testngbasics.com.LoginPageTest@24fcf36f]" started-at="2023-09-13T19:51:21 IST" name="tearDown" finished-at="2023-09-13T19:51:22 IST" duration-ms="257" status="PASS">
          <reporter-output>
          </reporter-output>
        </test-method> <!-- tearDown -->
        <test-method is-config="true" signature="setUp(java.lang.String,java.lang.String)[pri:0, instance:org.obs.testngbasics.com.LoginPageTest@24fcf36f]" started-at="2023-09-13T19:51:22 IST" name="setUp" finished-at="2023-09-13T19:51:28 IST" duration-ms="6040" status="PASS">
          <params>
            <param index="0">
              <value>
                <![CDATA[Chrome]]>
              </value>
            </param>
            <param index="1">
              <value>
                <![CDATA[https://demowebshop.tricentis.com/]]>
              </value>
            </param>
          </params>
          <reporter-output>
          </reporter-output>
        </test-method> <!-- setUp -->
        <test-method signature="verifyInvalidUserLogin(java.lang.String,java.lang.String)[pri:0, instance:org.obs.testngbasics.com.LoginPageTest@24fcf36f]" started-at="2023-09-13T19:51:28 IST" name="verifyInvalidUserLogin" data-provider="userCredentialsfromExcel" finished-at="2023-09-13T19:51:29 IST" duration-ms="1542" status="PASS">
          <params>
            <param index="0">
              <value>
                <![CDATA[aswathyarind@gmail.com]]>
              </value>
            </param>
            <param index="1">
              <value>
                <![CDATA[marryld257%]]>
              </value>
            </param>
          </params>
          <reporter-output>
          </reporter-output>
        </test-method> <!-- verifyInvalidUserLogin -->
        <test-method is-config="true" signature="tearDown()[pri:0, instance:org.obs.testngbasics.com.LoginPageTest@24fcf36f]" started-at="2023-09-13T19:51:29 IST" name="tearDown" finished-at="2023-09-13T19:51:29 IST" duration-ms="152" status="PASS">
          <reporter-output>
          </reporter-output>
        </test-method> <!-- tearDown -->
        <test-method is-config="true" signature="dropTestTable()[pri:0, instance:org.obs.testngbasics.com.LoginPageTest@24fcf36f]" started-at="2023-09-13T19:51:29 IST" name="dropTestTable" finished-at="2023-09-13T19:51:29 IST" duration-ms="1" status="PASS">
          <reporter-output>
          </reporter-output>
        </test-method> <!-- dropTestTable -->
        <test-method is-config="true" signature="runLogoutAPI()[pri:0, instance:org.obs.testngbasics.com.LoginPageTest@24fcf36f]" started-at="2023-09-13T19:51:29 IST" name="runLogoutAPI" finished-at="2023-09-13T19:51:29 IST" duration-ms="1" status="PASS">
          <reporter-output>
          </reporter-output>
        </test-method> <!-- runLogoutAPI -->
        <test-method is-config="true" signature="closeDb()[pri:0, instance:org.obs.testngbasics.com.LoginPageTest@24fcf36f]" started-at="2023-09-13T19:51:29 IST" name="closeDb" finished-at="2023-09-13T19:51:29 IST" duration-ms="0" status="PASS">
          <reporter-output>
          </reporter-output>
        </test-method> <!-- closeDb -->
      </class> <!-- org.obs.testngbasics.com.LoginPageTest -->
    </test> <!-- Functional Test -->
  </suite> <!-- Regression Suit -->
</testng-results>
